2020-04-28T01:53:28.996340Z 0 [Warning] TIMESTAMP with implicit DEFAULT value is deprecated. Please use --explicit_defaults_for_timestamp server option (see documentation for more details).
2020-04-28T01:53:29.259665Z 0 [Warning] InnoDB: New log files created, LSN=45790
2020-04-28T01:53:29.425531Z 0 [Warning] InnoDB: Creating foreign key constraint system tables.
2020-04-28T01:53:29.434326Z 0 [Warning] No existing UUID has been found, so we assume that this is the first time that this server has been started. Generating a new UUID: 0ec377cb-88f3-11ea-8f63-0242ac120002.
2020-04-28T01:53:29.436383Z 0 [Warning] Gtid table is not ready to be used. Table 'mysql.gtid_executed' cannot be opened.
2020-04-28T01:53:30.052216Z 0 [Warning] CA certificate ca.pem is self signed.
2020-04-28T01:53:30.448780Z 1 [Warning] root@localhost is created with an empty password ! Please consider switching off the --initialize-insecure option.
2020-04-28T01:53:33.532172Z 0 [Warning] TIMESTAMP with implicit DEFAULT value is deprecated. Please use --explicit_defaults_for_timestamp server option (see documentation for more details).
2020-04-28T01:53:33.534011Z 0 [Note] mysqld (mysqld 5.7.30) starting as process 599 ...
2020-04-28T01:53:33.537173Z 0 [Note] InnoDB: PUNCH HOLE support available
2020-04-28T01:53:33.537194Z 0 [Note] InnoDB: Mutexes and rw_locks use GCC atomic builtins
2020-04-28T01:53:33.537200Z 0 [Note] InnoDB: Uses event mutexes
2020-04-28T01:53:33.537207Z 0 [Note] InnoDB: GCC builtin __atomic_thread_fence() is used for memory barrier
2020-04-28T01:53:33.537213Z 0 [Note] InnoDB: Compressed tables use zlib 1.2.11
2020-04-28T01:53:33.537218Z 0 [Note] InnoDB: Using Linux native AIO
2020-04-28T01:53:33.537455Z 0 [Note] InnoDB: Number of pools: 1
2020-04-28T01:53:33.537566Z 0 [Note] InnoDB: Using CPU crc32 instructions
2020-04-28T01:53:33.539336Z 0 [Note] InnoDB: Initializing buffer pool, total size = 128M, instances = 1, chunk size = 128M
2020-04-28T01:53:33.547988Z 0 [Note] InnoDB: Completed initialization of buffer pool
2020-04-28T01:53:33.550351Z 0 [Note] InnoDB: If the mysqld execution user is authorized, page cleaner thread priority can be changed. See the man page of setpriority().
2020-04-28T01:53:33.562426Z 0 [Note] InnoDB: Highest supported file format is Barracuda.
2020-04-28T01:53:33.572462Z 0 [Note] InnoDB: Creating shared tablespace for temporary tables
2020-04-28T01:53:33.572524Z 0 [Note] InnoDB: Setting file './ibtmp1' size to 12 MB. Physically writing the file full; Please wait ...
2020-04-28T01:53:33.594538Z 0 [Note] InnoDB: File './ibtmp1' size is now 12 MB.
2020-04-28T01:53:33.595332Z 0 [Note] InnoDB: 96 redo rollback segment(s) found. 96 redo rollback segment(s) are active.
2020-04-28T01:53:33.595345Z 0 [Note] InnoDB: 32 non-redo rollback segment(s) are active.
2020-04-28T01:53:33.595907Z 0 [Note] InnoDB: 5.7.30 started; log sequence number 2629907
2020-04-28T01:53:33.596120Z 0 [Note] InnoDB: Loading buffer pool(s) from /var/lib/mysql/ib_buffer_pool
2020-04-28T01:53:33.596370Z 0 [Note] Plugin 'FEDERATED' is disabled.
2020-04-28T01:53:33.598371Z 0 [Note] InnoDB: Buffer pool(s) load completed at 200428  1:53:33
2020-04-28T01:53:33.603358Z 0 [Note] Found ca.pem, server-cert.pem and server-key.pem in data directory. Trying to enable SSL support using them.
2020-04-28T01:53:33.603377Z 0 [Note] Skipping generation of SSL certificates as certificate files are present in data directory.
2020-04-28T01:53:33.603934Z 0 [Warning] CA certificate ca.pem is self signed.
2020-04-28T01:53:33.603970Z 0 [Note] Skipping generation of RSA key pair as key files are present in data directory.
2020-04-28T01:53:33.604273Z 0 [Note] Server hostname (bind-address): '127.0.0.1'; port: 3306
2020-04-28T01:53:33.604297Z 0 [Note]   - '127.0.0.1' resolves to '127.0.0.1';
2020-04-28T01:53:33.604321Z 0 [Note] Server socket created on IP: '127.0.0.1'.
2020-04-28T01:53:33.606286Z 0 [Warning] Insecure configuration for --pid-file: Location '/tmp' in the path is accessible to all OS users. Consider choosing a different directory.
2020-04-28T01:53:33.615801Z 0 [Note] Event Scheduler: Loaded 0 events
2020-04-28T01:53:33.615949Z 0 [Note] Execution of init_file '/var/lib/mysql-files/IbkJAodxhZ' started.
2020-04-28T01:53:33.619287Z 0 [Note] Execution of init_file '/var/lib/mysql-files/IbkJAodxhZ' ended.
2020-04-28T01:53:33.619378Z 0 [Note] mysqld: ready for connections.
Version: '5.7.30'  socket: '/tmp/tmp.3fU3B5FL7h/mysqld.sock'  port: 3306  MySQL Community Server (GPL)
2020-04-28T01:53:33.619678Z 0 [Note] Giving 0 client threads a chance to die gracefully
2020-04-28T01:53:33.619698Z 0 [Note] Shutting down slave threads
2020-04-28T01:53:33.619704Z 0 [Note] Forcefully disconnecting 0 remaining clients
2020-04-28T01:53:33.619711Z 0 [Note] Event Scheduler: Purging the queue. 0 events
2020-04-28T01:53:33.619761Z 0 [Note] Binlog end
2020-04-28T01:53:33.620079Z 0 [Note] Shutting down plugin 'auth_socket'
2020-04-28T01:53:33.620089Z 0 [Note] Shutting down plugin 'ngram'
2020-04-28T01:53:33.620094Z 0 [Note] Shutting down plugin 'partition'
2020-04-28T01:53:33.620099Z 0 [Note] Shutting down plugin 'BLACKHOLE'
2020-04-28T01:53:33.620104Z 0 [Note] Shutting down plugin 'ARCHIVE'
2020-04-28T01:53:33.620109Z 0 [Note] Shutting down plugin 'PERFORMANCE_SCHEMA'
2020-04-28T01:53:33.620128Z 0 [Note] Shutting down plugin 'MRG_MYISAM'
2020-04-28T01:53:33.620133Z 0 [Note] Shutting down plugin 'MyISAM'
2020-04-28T01:53:33.620141Z 0 [Note] Shutting down plugin 'INNODB_SYS_VIRTUAL'
2020-04-28T01:53:33.620147Z 0 [Note] Shutting down plugin 'INNODB_SYS_DATAFILES'
2020-04-28T01:53:33.620151Z 0 [Note] Shutting down plugin 'INNODB_SYS_TABLESPACES'
2020-04-28T01:53:33.620156Z 0 [Note] Shutting down plugin 'INNODB_SYS_FOREIGN_COLS'
2020-04-28T01:53:33.620161Z 0 [Note] Shutting down plugin 'INNODB_SYS_FOREIGN'
2020-04-28T01:53:33.620166Z 0 [Note] Shutting down plugin 'INNODB_SYS_FIELDS'
2020-04-28T01:53:33.620171Z 0 [Note] Shutting down plugin 'INNODB_SYS_COLUMNS'
2020-04-28T01:53:33.620175Z 0 [Note] Shutting down plugin 'INNODB_SYS_INDEXES'
2020-04-28T01:53:33.620180Z 0 [Note] Shutting down plugin 'INNODB_SYS_TABLESTATS'
2020-04-28T01:53:33.620185Z 0 [Note] Shutting down plugin 'INNODB_SYS_TABLES'
2020-04-28T01:53:33.620190Z 0 [Note] Shutting down plugin 'INNODB_FT_INDEX_TABLE'
2020-04-28T01:53:33.620194Z 0 [Note] Shutting down plugin 'INNODB_FT_INDEX_CACHE'
2020-04-28T01:53:33.620199Z 0 [Note] Shutting down plugin 'INNODB_FT_CONFIG'
2020-04-28T01:53:33.620204Z 0 [Note] Shutting down plugin 'INNODB_FT_BEING_DELETED'
2020-04-28T01:53:33.620209Z 0 [Note] Shutting down plugin 'INNODB_FT_DELETED'
2020-04-28T01:53:33.620213Z 0 [Note] Shutting down plugin 'INNODB_FT_DEFAULT_STOPWORD'
2020-04-28T01:53:33.620218Z 0 [Note] Shutting down plugin 'INNODB_METRICS'
2020-04-28T01:53:33.620223Z 0 [Note] Shutting down plugin 'INNODB_TEMP_TABLE_INFO'
2020-04-28T01:53:33.620228Z 0 [Note] Shutting down plugin 'INNODB_BUFFER_POOL_STATS'
2020-04-28T01:53:33.620232Z 0 [Note] Shutting down plugin 'INNODB_BUFFER_PAGE_LRU'
2020-04-28T01:53:33.620237Z 0 [Note] Shutting down plugin 'INNODB_BUFFER_PAGE'
2020-04-28T01:53:33.620242Z 0 [Note] Shutting down plugin 'INNODB_CMP_PER_INDEX_RESET'
2020-04-28T01:53:33.620246Z 0 [Note] Shutting down plugin 'INNODB_CMP_PER_INDEX'
2020-04-28T01:53:33.620251Z 0 [Note] Shutting down plugin 'INNODB_CMPMEM_RESET'
2020-04-28T01:53:33.620256Z 0 [Note] Shutting down plugin 'INNODB_CMPMEM'
2020-04-28T01:53:33.620261Z 0 [Note] Shutting down plugin 'INNODB_CMP_RESET'
2020-04-28T01:53:33.620265Z 0 [Note] Shutting down plugin 'INNODB_CMP'
2020-04-28T01:53:33.620270Z 0 [Note] Shutting down plugin 'INNODB_LOCK_WAITS'
2020-04-28T01:53:33.620275Z 0 [Note] Shutting down plugin 'INNODB_LOCKS'
2020-04-28T01:53:33.620280Z 0 [Note] Shutting down plugin 'INNODB_TRX'
2020-04-28T01:53:33.620284Z 0 [Note] Shutting down plugin 'InnoDB'
2020-04-28T01:53:33.620330Z 0 [Note] InnoDB: FTS optimize thread exiting.
2020-04-28T01:53:33.620432Z 0 [Note] InnoDB: Starting shutdown...
2020-04-28T01:53:33.720680Z 0 [Note] InnoDB: Dumping buffer pool(s) to /var/lib/mysql/ib_buffer_pool
2020-04-28T01:53:33.721020Z 0 [Note] InnoDB: Buffer pool(s) dump completed at 200428  1:53:33
2020-04-28T01:53:35.432056Z 0 [Note] InnoDB: Shutdown completed; log sequence number 2630112
2020-04-28T01:53:35.434136Z 0 [Note] InnoDB: Removed temporary tablespace data file: "ibtmp1"
2020-04-28T01:53:35.434154Z 0 [Note] Shutting down plugin 'MEMORY'
2020-04-28T01:53:35.434162Z 0 [Note] Shutting down plugin 'CSV'
2020-04-28T01:53:35.434169Z 0 [Note] Shutting down plugin 'sha256_password'
2020-04-28T01:53:35.434174Z 0 [Note] Shutting down plugin 'mysql_native_password'
2020-04-28T01:53:35.434344Z 0 [Note] Shutting down plugin 'binlog'
2020-04-28T01:53:35.435727Z 0 [Note] mysqld: Shutdown complete

